{"level":"info","message":"Servidor rodando na porta 3003","timestamp":"2025-04-05T17:51:05.482Z"}
{"level":"info","message":"Conectado ao Redis com sucesso","timestamp":"2025-04-05T17:51:05.526Z"}
{"level":"info","message":"Servidor rodando na porta 3003","timestamp":"2025-04-05T18:23:52.123Z"}
{"level":"info","message":"Conectado ao Redis com sucesso","timestamp":"2025-04-05T18:23:52.150Z"}
{"level":"error","message":"Erro ao obter escolas do schoolService:","timestamp":"2025-04-05T18:42:50.857Z"}
{"level":"info","message":"Servidor rodando na porta 3003","timestamp":"2025-04-06T22:21:50.311Z"}
{"level":"info","message":"Conectado ao Redis com sucesso","timestamp":"2025-04-06T22:21:50.339Z"}
{"level":"info","message":"Servidor rodando na porta 3003","timestamp":"2025-04-06T22:55:38.927Z"}
{"level":"info","message":"Conectado ao Redis com sucesso","timestamp":"2025-04-06T22:55:38.963Z"}
{"level":"info","message":"Servidor rodando na porta 3003","timestamp":"2025-04-06T23:23:00.068Z"}
{"level":"info","message":"Conectado ao Redis com sucesso","timestamp":"2025-04-06T23:23:00.091Z"}
{"level":"info","message":"Servidor rodando na porta 3003","timestamp":"2025-04-08T21:18:09.129Z"}
{"level":"info","message":"Conectado ao Redis com sucesso","timestamp":"2025-04-08T21:18:09.154Z"}
{"level":"info","message":"Servidor rodando na porta 3003","timestamp":"2025-04-08T21:45:16.943Z"}
{"level":"info","message":"Conectado ao Redis com sucesso","timestamp":"2025-04-08T21:45:16.967Z"}
{"level":"info","message":"Servidor rodando na porta 3003","timestamp":"2025-04-08T23:48:28.968Z"}
{"level":"info","message":"Conectado ao Redis com sucesso","timestamp":"2025-04-08T23:48:29.003Z"}
{"body":{},"details":null,"level":"error","message":"Erro ao verificar autenticação","method":"GET","params":{},"path":"/districts/1","stack":"AppError: Erro ao verificar autenticação\n    at requireAuth (D:\\Documents\\GitHub\\hubescolar\\services\\district-service\\src\\middlewares\\auth.js:22:18)\n    at Layer.handle [as handle_request] (D:\\Documents\\GitHub\\hubescolar\\services\\district-service\\node_modules\\express\\lib\\router\\layer.js:95:5)\n    at trim_prefix (D:\\Documents\\GitHub\\hubescolar\\services\\district-service\\node_modules\\express\\lib\\router\\index.js:328:13)\n    at D:\\Documents\\GitHub\\hubescolar\\services\\district-service\\node_modules\\express\\lib\\router\\index.js:286:9\n    at Function.process_params (D:\\Documents\\GitHub\\hubescolar\\services\\district-service\\node_modules\\express\\lib\\router\\index.js:346:12)\n    at next (D:\\Documents\\GitHub\\hubescolar\\services\\district-service\\node_modules\\express\\lib\\router\\index.js:280:10)\n    at Function.handle (D:\\Documents\\GitHub\\hubescolar\\services\\district-service\\node_modules\\express\\lib\\router\\index.js:175:3)\n    at router (D:\\Documents\\GitHub\\hubescolar\\services\\district-service\\node_modules\\express\\lib\\router\\index.js:47:12)\n    at Layer.handle [as handle_request] (D:\\Documents\\GitHub\\hubescolar\\services\\district-service\\node_modules\\express\\lib\\router\\layer.js:95:5)\n    at trim_prefix (D:\\Documents\\GitHub\\hubescolar\\services\\district-service\\node_modules\\express\\lib\\router\\index.js:328:13)","timestamp":"2025-04-08T23:48:38.257Z"}
{"body":{},"details":null,"level":"error","message":"Erro de autenticação","method":"GET","params":{},"path":"/districts","stack":"AppError: Erro de autenticação\n    at requireAuth (D:\\Documents\\GitHub\\hubescolar\\services\\district-service\\src\\middlewares\\auth.js:20:18)\n    at process.processTicksAndRejections (node:internal/process/task_queues:95:5)","timestamp":"2025-04-08T23:48:40.110Z"}
{"level":"info","message":"Servidor rodando na porta 3003","timestamp":"2025-04-08T23:50:28.997Z"}
{"level":"info","message":"Conectado ao Redis com sucesso","timestamp":"2025-04-08T23:50:29.019Z"}
{"body":{},"details":null,"level":"error","message":"Erro ao verificar autenticação","method":"GET","params":{},"path":"/districts/1","stack":"AppError: Erro ao verificar autenticação\n    at requireAuth (D:\\Documents\\GitHub\\hubescolar\\services\\district-service\\src\\middlewares\\auth.js:22:18)\n    at Layer.handle [as handle_request] (D:\\Documents\\GitHub\\hubescolar\\services\\district-service\\node_modules\\express\\lib\\router\\layer.js:95:5)\n    at trim_prefix (D:\\Documents\\GitHub\\hubescolar\\services\\district-service\\node_modules\\express\\lib\\router\\index.js:328:13)\n    at D:\\Documents\\GitHub\\hubescolar\\services\\district-service\\node_modules\\express\\lib\\router\\index.js:286:9\n    at Function.process_params (D:\\Documents\\GitHub\\hubescolar\\services\\district-service\\node_modules\\express\\lib\\router\\index.js:346:12)\n    at next (D:\\Documents\\GitHub\\hubescolar\\services\\district-service\\node_modules\\express\\lib\\router\\index.js:280:10)\n    at Function.handle (D:\\Documents\\GitHub\\hubescolar\\services\\district-service\\node_modules\\express\\lib\\router\\index.js:175:3)\n    at router (D:\\Documents\\GitHub\\hubescolar\\services\\district-service\\node_modules\\express\\lib\\router\\index.js:47:12)\n    at Layer.handle [as handle_request] (D:\\Documents\\GitHub\\hubescolar\\services\\district-service\\node_modules\\express\\lib\\router\\layer.js:95:5)\n    at trim_prefix (D:\\Documents\\GitHub\\hubescolar\\services\\district-service\\node_modules\\express\\lib\\router\\index.js:328:13)","timestamp":"2025-04-08T23:50:37.432Z"}
{"body":{},"details":null,"level":"error","message":"Erro de autenticação","method":"GET","params":{},"path":"/districts","stack":"AppError: Erro de autenticação\n    at requireAuth (D:\\Documents\\GitHub\\hubescolar\\services\\district-service\\src\\middlewares\\auth.js:20:18)\n    at process.processTicksAndRejections (node:internal/process/task_queues:95:5)","timestamp":"2025-04-08T23:50:38.701Z"}
{"body":{},"details":null,"level":"error","message":"Erro ao verificar autenticação","method":"GET","params":{},"path":"/districts/1","stack":"AppError: Erro ao verificar autenticação\n    at requireAuth (D:\\Documents\\GitHub\\hubescolar\\services\\district-service\\src\\middlewares\\auth.js:22:18)\n    at Layer.handle [as handle_request] (D:\\Documents\\GitHub\\hubescolar\\services\\district-service\\node_modules\\express\\lib\\router\\layer.js:95:5)\n    at trim_prefix (D:\\Documents\\GitHub\\hubescolar\\services\\district-service\\node_modules\\express\\lib\\router\\index.js:328:13)\n    at D:\\Documents\\GitHub\\hubescolar\\services\\district-service\\node_modules\\express\\lib\\router\\index.js:286:9\n    at Function.process_params (D:\\Documents\\GitHub\\hubescolar\\services\\district-service\\node_modules\\express\\lib\\router\\index.js:346:12)\n    at next (D:\\Documents\\GitHub\\hubescolar\\services\\district-service\\node_modules\\express\\lib\\router\\index.js:280:10)\n    at Function.handle (D:\\Documents\\GitHub\\hubescolar\\services\\district-service\\node_modules\\express\\lib\\router\\index.js:175:3)\n    at router (D:\\Documents\\GitHub\\hubescolar\\services\\district-service\\node_modules\\express\\lib\\router\\index.js:47:12)\n    at Layer.handle [as handle_request] (D:\\Documents\\GitHub\\hubescolar\\services\\district-service\\node_modules\\express\\lib\\router\\layer.js:95:5)\n    at trim_prefix (D:\\Documents\\GitHub\\hubescolar\\services\\district-service\\node_modules\\express\\lib\\router\\index.js:328:13)","timestamp":"2025-04-09T00:07:04.199Z"}
{"body":{},"details":null,"level":"error","message":"Erro de autenticação","method":"GET","params":{},"path":"/districts","stack":"AppError: Erro de autenticação\n    at requireAuth (D:\\Documents\\GitHub\\hubescolar\\services\\district-service\\src\\middlewares\\auth.js:20:18)\n    at process.processTicksAndRejections (node:internal/process/task_queues:95:5)","timestamp":"2025-04-09T00:07:06.312Z"}
{"body":{},"details":null,"level":"error","message":"Erro ao verificar autenticação","method":"GET","params":{},"path":"/districts/1","stack":"AppError: Erro ao verificar autenticação\n    at requireAuth (D:\\Documents\\GitHub\\hubescolar\\services\\district-service\\src\\middlewares\\auth.js:22:18)\n    at Layer.handle [as handle_request] (D:\\Documents\\GitHub\\hubescolar\\services\\district-service\\node_modules\\express\\lib\\router\\layer.js:95:5)\n    at trim_prefix (D:\\Documents\\GitHub\\hubescolar\\services\\district-service\\node_modules\\express\\lib\\router\\index.js:328:13)\n    at D:\\Documents\\GitHub\\hubescolar\\services\\district-service\\node_modules\\express\\lib\\router\\index.js:286:9\n    at Function.process_params (D:\\Documents\\GitHub\\hubescolar\\services\\district-service\\node_modules\\express\\lib\\router\\index.js:346:12)\n    at next (D:\\Documents\\GitHub\\hubescolar\\services\\district-service\\node_modules\\express\\lib\\router\\index.js:280:10)\n    at Function.handle (D:\\Documents\\GitHub\\hubescolar\\services\\district-service\\node_modules\\express\\lib\\router\\index.js:175:3)\n    at router (D:\\Documents\\GitHub\\hubescolar\\services\\district-service\\node_modules\\express\\lib\\router\\index.js:47:12)\n    at Layer.handle [as handle_request] (D:\\Documents\\GitHub\\hubescolar\\services\\district-service\\node_modules\\express\\lib\\router\\layer.js:95:5)\n    at trim_prefix (D:\\Documents\\GitHub\\hubescolar\\services\\district-service\\node_modules\\express\\lib\\router\\index.js:328:13)","timestamp":"2025-04-09T00:10:52.752Z"}
{"body":{},"details":null,"level":"error","message":"Erro de autenticação","method":"GET","params":{},"path":"/districts","stack":"AppError: Erro de autenticação\n    at requireAuth (D:\\Documents\\GitHub\\hubescolar\\services\\district-service\\src\\middlewares\\auth.js:20:18)\n    at process.processTicksAndRejections (node:internal/process/task_queues:95:5)","timestamp":"2025-04-09T00:10:54.029Z"}
{"body":{},"details":null,"level":"error","message":"Erro ao verificar autenticação","method":"GET","params":{},"path":"/districts/1","stack":"AppError: Erro ao verificar autenticação\n    at requireAuth (D:\\Documents\\GitHub\\hubescolar\\services\\district-service\\src\\middlewares\\auth.js:22:18)\n    at Layer.handle [as handle_request] (D:\\Documents\\GitHub\\hubescolar\\services\\district-service\\node_modules\\express\\lib\\router\\layer.js:95:5)\n    at trim_prefix (D:\\Documents\\GitHub\\hubescolar\\services\\district-service\\node_modules\\express\\lib\\router\\index.js:328:13)\n    at D:\\Documents\\GitHub\\hubescolar\\services\\district-service\\node_modules\\express\\lib\\router\\index.js:286:9\n    at Function.process_params (D:\\Documents\\GitHub\\hubescolar\\services\\district-service\\node_modules\\express\\lib\\router\\index.js:346:12)\n    at next (D:\\Documents\\GitHub\\hubescolar\\services\\district-service\\node_modules\\express\\lib\\router\\index.js:280:10)\n    at Function.handle (D:\\Documents\\GitHub\\hubescolar\\services\\district-service\\node_modules\\express\\lib\\router\\index.js:175:3)\n    at router (D:\\Documents\\GitHub\\hubescolar\\services\\district-service\\node_modules\\express\\lib\\router\\index.js:47:12)\n    at Layer.handle [as handle_request] (D:\\Documents\\GitHub\\hubescolar\\services\\district-service\\node_modules\\express\\lib\\router\\layer.js:95:5)\n    at trim_prefix (D:\\Documents\\GitHub\\hubescolar\\services\\district-service\\node_modules\\express\\lib\\router\\index.js:328:13)","timestamp":"2025-04-09T00:17:24.321Z"}
{"body":{},"details":null,"level":"error","message":"Erro de autenticação","method":"GET","params":{},"path":"/districts","stack":"AppError: Erro de autenticação\n    at requireAuth (D:\\Documents\\GitHub\\hubescolar\\services\\district-service\\src\\middlewares\\auth.js:20:18)\n    at process.processTicksAndRejections (node:internal/process/task_queues:95:5)","timestamp":"2025-04-09T00:17:26.947Z"}
{"body":{},"details":null,"level":"error","message":"Erro ao verificar autenticação","method":"GET","params":{},"path":"/districts/1","stack":"AppError: Erro ao verificar autenticação\n    at requireAuth (D:\\Documents\\GitHub\\hubescolar\\services\\district-service\\src\\middlewares\\auth.js:22:18)\n    at Layer.handle [as handle_request] (D:\\Documents\\GitHub\\hubescolar\\services\\district-service\\node_modules\\express\\lib\\router\\layer.js:95:5)\n    at trim_prefix (D:\\Documents\\GitHub\\hubescolar\\services\\district-service\\node_modules\\express\\lib\\router\\index.js:328:13)\n    at D:\\Documents\\GitHub\\hubescolar\\services\\district-service\\node_modules\\express\\lib\\router\\index.js:286:9\n    at Function.process_params (D:\\Documents\\GitHub\\hubescolar\\services\\district-service\\node_modules\\express\\lib\\router\\index.js:346:12)\n    at next (D:\\Documents\\GitHub\\hubescolar\\services\\district-service\\node_modules\\express\\lib\\router\\index.js:280:10)\n    at Function.handle (D:\\Documents\\GitHub\\hubescolar\\services\\district-service\\node_modules\\express\\lib\\router\\index.js:175:3)\n    at router (D:\\Documents\\GitHub\\hubescolar\\services\\district-service\\node_modules\\express\\lib\\router\\index.js:47:12)\n    at Layer.handle [as handle_request] (D:\\Documents\\GitHub\\hubescolar\\services\\district-service\\node_modules\\express\\lib\\router\\layer.js:95:5)\n    at trim_prefix (D:\\Documents\\GitHub\\hubescolar\\services\\district-service\\node_modules\\express\\lib\\router\\index.js:328:13)","timestamp":"2025-04-09T00:24:05.870Z"}
{"body":{},"details":null,"level":"error","message":"Erro de autenticação","method":"GET","params":{},"path":"/districts","stack":"AppError: Erro de autenticação\n    at requireAuth (D:\\Documents\\GitHub\\hubescolar\\services\\district-service\\src\\middlewares\\auth.js:20:18)\n    at process.processTicksAndRejections (node:internal/process/task_queues:95:5)","timestamp":"2025-04-09T00:24:07.881Z"}
{"body":{},"details":null,"level":"error","message":"Erro ao verificar autenticação","method":"GET","params":{},"path":"/districts/1","stack":"AppError: Erro ao verificar autenticação\n    at requireAuth (D:\\Documents\\GitHub\\hubescolar\\services\\district-service\\src\\middlewares\\auth.js:22:18)\n    at Layer.handle [as handle_request] (D:\\Documents\\GitHub\\hubescolar\\services\\district-service\\node_modules\\express\\lib\\router\\layer.js:95:5)\n    at trim_prefix (D:\\Documents\\GitHub\\hubescolar\\services\\district-service\\node_modules\\express\\lib\\router\\index.js:328:13)\n    at D:\\Documents\\GitHub\\hubescolar\\services\\district-service\\node_modules\\express\\lib\\router\\index.js:286:9\n    at Function.process_params (D:\\Documents\\GitHub\\hubescolar\\services\\district-service\\node_modules\\express\\lib\\router\\index.js:346:12)\n    at next (D:\\Documents\\GitHub\\hubescolar\\services\\district-service\\node_modules\\express\\lib\\router\\index.js:280:10)\n    at Function.handle (D:\\Documents\\GitHub\\hubescolar\\services\\district-service\\node_modules\\express\\lib\\router\\index.js:175:3)\n    at router (D:\\Documents\\GitHub\\hubescolar\\services\\district-service\\node_modules\\express\\lib\\router\\index.js:47:12)\n    at Layer.handle [as handle_request] (D:\\Documents\\GitHub\\hubescolar\\services\\district-service\\node_modules\\express\\lib\\router\\layer.js:95:5)\n    at trim_prefix (D:\\Documents\\GitHub\\hubescolar\\services\\district-service\\node_modules\\express\\lib\\router\\index.js:328:13)","timestamp":"2025-04-09T00:27:32.355Z"}
{"body":{},"details":null,"level":"error","message":"Erro de autenticação","method":"GET","params":{},"path":"/districts","stack":"AppError: Erro de autenticação\n    at requireAuth (D:\\Documents\\GitHub\\hubescolar\\services\\district-service\\src\\middlewares\\auth.js:20:18)\n    at process.processTicksAndRejections (node:internal/process/task_queues:95:5)","timestamp":"2025-04-09T00:27:33.916Z"}
{"level":"info","message":"Servidor rodando na porta 3003","timestamp":"2025-04-09T00:33:10.326Z"}
{"level":"info","message":"Conectado ao Redis com sucesso","timestamp":"2025-04-09T00:33:10.411Z"}
{"body":{},"details":null,"level":"error","message":"Erro ao verificar autenticação","method":"GET","params":{},"path":"/districts/1","stack":"AppError: Erro ao verificar autenticação\n    at requireAuth (D:\\Documents\\GitHub\\hubescolar\\services\\district-service\\src\\middlewares\\auth.js:22:18)\n    at Layer.handle [as handle_request] (D:\\Documents\\GitHub\\hubescolar\\services\\district-service\\node_modules\\express\\lib\\router\\layer.js:95:5)\n    at trim_prefix (D:\\Documents\\GitHub\\hubescolar\\services\\district-service\\node_modules\\express\\lib\\router\\index.js:328:13)\n    at D:\\Documents\\GitHub\\hubescolar\\services\\district-service\\node_modules\\express\\lib\\router\\index.js:286:9\n    at Function.process_params (D:\\Documents\\GitHub\\hubescolar\\services\\district-service\\node_modules\\express\\lib\\router\\index.js:346:12)\n    at next (D:\\Documents\\GitHub\\hubescolar\\services\\district-service\\node_modules\\express\\lib\\router\\index.js:280:10)\n    at Function.handle (D:\\Documents\\GitHub\\hubescolar\\services\\district-service\\node_modules\\express\\lib\\router\\index.js:175:3)\n    at router (D:\\Documents\\GitHub\\hubescolar\\services\\district-service\\node_modules\\express\\lib\\router\\index.js:47:12)\n    at Layer.handle [as handle_request] (D:\\Documents\\GitHub\\hubescolar\\services\\district-service\\node_modules\\express\\lib\\router\\layer.js:95:5)\n    at trim_prefix (D:\\Documents\\GitHub\\hubescolar\\services\\district-service\\node_modules\\express\\lib\\router\\index.js:328:13)","timestamp":"2025-04-09T00:33:14.039Z"}
{"body":{},"details":null,"level":"error","message":"Erro de autenticação","method":"GET","params":{},"path":"/districts","stack":"AppError: Erro de autenticação\n    at requireAuth (D:\\Documents\\GitHub\\hubescolar\\services\\district-service\\src\\middlewares\\auth.js:20:18)\n    at process.processTicksAndRejections (node:internal/process/task_queues:95:5)","timestamp":"2025-04-09T00:33:15.735Z"}
{"level":"info","message":"Servidor rodando na porta 3003","timestamp":"2025-04-09T00:34:43.247Z"}
{"level":"info","message":"Conectado ao Redis com sucesso","timestamp":"2025-04-09T00:34:43.290Z"}
{"level":"info","message":"Servidor rodando na porta 3003","timestamp":"2025-04-09T00:35:36.392Z"}
{"level":"info","message":"Conectado ao Redis com sucesso","timestamp":"2025-04-09T00:35:36.439Z"}
{"body":{},"details":null,"level":"error","message":"Erro ao verificar autenticação","method":"GET","params":{},"path":"/districts/1","stack":"AppError: Erro ao verificar autenticação\n    at requireAuth (D:\\Documents\\GitHub\\hubescolar\\services\\district-service\\src\\middlewares\\auth.js:22:18)\n    at Layer.handle [as handle_request] (D:\\Documents\\GitHub\\hubescolar\\services\\district-service\\node_modules\\express\\lib\\router\\layer.js:95:5)\n    at trim_prefix (D:\\Documents\\GitHub\\hubescolar\\services\\district-service\\node_modules\\express\\lib\\router\\index.js:328:13)\n    at D:\\Documents\\GitHub\\hubescolar\\services\\district-service\\node_modules\\express\\lib\\router\\index.js:286:9\n    at Function.process_params (D:\\Documents\\GitHub\\hubescolar\\services\\district-service\\node_modules\\express\\lib\\router\\index.js:346:12)\n    at next (D:\\Documents\\GitHub\\hubescolar\\services\\district-service\\node_modules\\express\\lib\\router\\index.js:280:10)\n    at Function.handle (D:\\Documents\\GitHub\\hubescolar\\services\\district-service\\node_modules\\express\\lib\\router\\index.js:175:3)\n    at router (D:\\Documents\\GitHub\\hubescolar\\services\\district-service\\node_modules\\express\\lib\\router\\index.js:47:12)\n    at Layer.handle [as handle_request] (D:\\Documents\\GitHub\\hubescolar\\services\\district-service\\node_modules\\express\\lib\\router\\layer.js:95:5)\n    at trim_prefix (D:\\Documents\\GitHub\\hubescolar\\services\\district-service\\node_modules\\express\\lib\\router\\index.js:328:13)","timestamp":"2025-04-09T00:35:44.738Z"}
{"body":{},"details":null,"level":"error","message":"Erro ao verificar autenticação","method":"GET","params":{},"path":"/districts/1","stack":"AppError: Erro ao verificar autenticação\n    at requireAuth (D:\\Documents\\GitHub\\hubescolar\\services\\district-service\\src\\middlewares\\auth.js:22:18)\n    at Layer.handle [as handle_request] (D:\\Documents\\GitHub\\hubescolar\\services\\district-service\\node_modules\\express\\lib\\router\\layer.js:95:5)\n    at trim_prefix (D:\\Documents\\GitHub\\hubescolar\\services\\district-service\\node_modules\\express\\lib\\router\\index.js:328:13)\n    at D:\\Documents\\GitHub\\hubescolar\\services\\district-service\\node_modules\\express\\lib\\router\\index.js:286:9\n    at Function.process_params (D:\\Documents\\GitHub\\hubescolar\\services\\district-service\\node_modules\\express\\lib\\router\\index.js:346:12)\n    at next (D:\\Documents\\GitHub\\hubescolar\\services\\district-service\\node_modules\\express\\lib\\router\\index.js:280:10)\n    at Function.handle (D:\\Documents\\GitHub\\hubescolar\\services\\district-service\\node_modules\\express\\lib\\router\\index.js:175:3)\n    at router (D:\\Documents\\GitHub\\hubescolar\\services\\district-service\\node_modules\\express\\lib\\router\\index.js:47:12)\n    at Layer.handle [as handle_request] (D:\\Documents\\GitHub\\hubescolar\\services\\district-service\\node_modules\\express\\lib\\router\\layer.js:95:5)\n    at trim_prefix (D:\\Documents\\GitHub\\hubescolar\\services\\district-service\\node_modules\\express\\lib\\router\\index.js:328:13)","timestamp":"2025-04-09T00:35:46.754Z"}
{"body":{},"details":null,"level":"error","message":"Erro de autenticação","method":"GET","params":{},"path":"/districts","stack":"AppError: Erro de autenticação\n    at requireAuth (D:\\Documents\\GitHub\\hubescolar\\services\\district-service\\src\\middlewares\\auth.js:20:18)\n    at process.processTicksAndRejections (node:internal/process/task_queues:95:5)","timestamp":"2025-04-09T00:35:49.921Z"}
{"level":"info","message":"Servidor rodando na porta 3003","timestamp":"2025-04-09T00:39:07.161Z"}
{"level":"info","message":"Conectado ao Redis com sucesso","timestamp":"2025-04-09T00:39:07.183Z"}
{"level":"info","message":"Servidor rodando na porta 3003","timestamp":"2025-04-09T00:41:29.672Z"}
{"level":"info","message":"Conectado ao Redis com sucesso","timestamp":"2025-04-09T00:41:29.693Z"}
{"level":"info","message":"Servidor rodando na porta 3003","timestamp":"2025-04-09T00:44:07.962Z"}
{"level":"info","message":"Conectado ao Redis com sucesso","timestamp":"2025-04-09T00:44:07.983Z"}
{"level":"error","message":"Erro ao obter escolas do schoolService:","timestamp":"2025-04-09T00:44:20.810Z"}
{"level":"error","message":"Erro ao obter escolas do schoolService:","timestamp":"2025-04-09T00:54:12.851Z"}
{"level":"error","message":"Erro ao obter escolas do schoolService:","timestamp":"2025-04-09T01:00:14.965Z"}
{"level":"error","message":"Erro ao obter escolas do schoolService:","timestamp":"2025-04-09T01:13:33.533Z"}
{"level":"info","message":"Servidor rodando na porta 3003","timestamp":"2025-04-09T01:15:51.663Z"}
{"level":"info","message":"Conectado ao Redis com sucesso","timestamp":"2025-04-09T01:15:51.700Z"}
{"level":"error","message":"Erro ao obter escolas do schoolService:","timestamp":"2025-04-09T01:22:08.887Z"}
{"level":"error","message":"Erro ao obter escolas do schoolService:","timestamp":"2025-04-09T01:38:27.119Z"}
{"level":"error","message":"Erro ao obter escolas do schoolService:","timestamp":"2025-04-09T01:44:05.210Z"}
{"level":"error","message":"Erro ao obter escolas do schoolService:","timestamp":"2025-04-09T01:52:44.337Z"}
{"level":"error","message":"Erro ao obter escolas do schoolService:","timestamp":"2025-04-09T01:52:46.904Z"}
{"level":"error","message":"Erro ao obter escolas do schoolService:","timestamp":"2025-04-09T02:08:13.934Z"}
{"level":"error","message":"Erro ao obter escolas do schoolService:","timestamp":"2025-04-09T02:08:15.477Z"}
{"level":"info","message":"Servidor rodando na porta 3003","timestamp":"2025-04-09T02:13:21.888Z"}
{"level":"info","message":"Conectado ao Redis com sucesso","timestamp":"2025-04-09T02:13:21.911Z"}
{"level":"error","message":"Erro ao obter escolas do schoolService:","timestamp":"2025-04-09T02:13:26.717Z"}
{"level":"error","message":"Erro ao obter escolas do schoolService:","timestamp":"2025-04-09T02:13:29.102Z"}
{"level":"info","message":"Servidor rodando na porta 3003","timestamp":"2025-04-09T02:19:08.317Z"}
{"level":"info","message":"Conectado ao Redis com sucesso","timestamp":"2025-04-09T02:19:08.353Z"}
{"level":"error","message":"Erro ao obter escolas do schoolService:","timestamp":"2025-04-09T02:19:13.162Z"}
{"level":"error","message":"Erro ao obter escolas do schoolService:","timestamp":"2025-04-09T02:19:14.446Z"}
{"level":"info","message":"Servidor rodando na porta 3003","timestamp":"2025-04-09T02:21:44.531Z"}
{"level":"info","message":"Conectado ao Redis com sucesso","timestamp":"2025-04-09T02:21:44.557Z"}
{"level":"error","message":"Erro ao obter escolas do schoolService:","timestamp":"2025-04-09T02:33:47.950Z"}
{"level":"error","message":"Erro ao obter escolas do schoolService:","timestamp":"2025-04-09T02:33:49.615Z"}
{"level":"info","message":"Servidor rodando na porta 3003","timestamp":"2025-04-09T02:34:30.878Z"}
{"level":"info","message":"Conectado ao Redis com sucesso","timestamp":"2025-04-09T02:34:30.901Z"}
{"level":"error","message":"Erro ao obter escolas do schoolService:","timestamp":"2025-04-09T02:40:12.278Z"}
{"level":"error","message":"Erro ao obter escolas do schoolService:","timestamp":"2025-04-09T02:40:14.312Z"}
{"level":"info","message":"Servidor rodando na porta 3003","timestamp":"2025-04-09T02:43:54.659Z"}
{"level":"info","message":"Conectado ao Redis com sucesso","timestamp":"2025-04-09T02:43:54.682Z"}
{"level":"error","message":"Erro ao obter escolas do schoolService:","timestamp":"2025-04-09T02:47:49.375Z"}
{"level":"error","message":"Erro ao obter escolas do schoolService:","timestamp":"2025-04-09T02:47:51.210Z"}
{"level":"error","message":"Erro ao obter escolas do schoolService:","timestamp":"2025-04-09T02:54:28.976Z"}
{"level":"error","message":"Erro ao obter escolas do schoolService:","timestamp":"2025-04-09T02:54:30.518Z"}
{"level":"error","message":"Erro ao obter escolas do schoolService:","timestamp":"2025-04-09T03:02:08.523Z"}
{"level":"error","message":"Erro ao obter escolas do schoolService:","timestamp":"2025-04-09T03:02:25.417Z"}
{"level":"error","message":"Erro ao obter escolas do schoolService:","timestamp":"2025-04-09T03:04:40.909Z"}
{"level":"error","message":"Erro ao obter escolas do schoolService:","timestamp":"2025-04-09T15:24:00.730Z"}
{"level":"error","message":"Erro ao obter escolas do schoolService:","timestamp":"2025-04-09T15:24:04.683Z"}
{"level":"info","message":"Servidor rodando na porta 3003","timestamp":"2025-04-09T15:24:36.079Z"}
{"level":"info","message":"Conectado ao Redis com sucesso","timestamp":"2025-04-09T15:24:36.118Z"}
{"level":"error","message":"Erro ao obter escolas do schoolService:","timestamp":"2025-04-09T15:35:45.404Z"}
{"level":"error","message":"Erro ao obter escolas do schoolService:","timestamp":"2025-04-09T15:35:47.212Z"}
{"level":"error","message":"Erro ao obter escolas do schoolService:","timestamp":"2025-04-09T15:41:36.239Z"}
{"level":"error","message":"Erro ao obter escolas do schoolService:","timestamp":"2025-04-09T15:41:38.014Z"}
{"level":"error","message":"Erro ao obter escolas do schoolService:","timestamp":"2025-04-09T15:47:51.238Z"}
{"level":"error","message":"Erro ao obter escolas do schoolService:","timestamp":"2025-04-09T15:47:53.379Z"}
{"level":"error","message":"Erro ao obter escolas do schoolService:","timestamp":"2025-04-09T15:54:30.342Z"}
{"level":"error","message":"Erro ao obter escolas do schoolService:","timestamp":"2025-04-09T15:54:39.101Z"}
{"level":"info","message":"Servidor rodando na porta 3003","timestamp":"2025-04-09T16:26:37.847Z"}
{"level":"info","message":"Conectado ao Redis com sucesso","timestamp":"2025-04-09T16:26:37.941Z"}
{"level":"error","message":"Erro ao obter escolas do schoolService:","timestamp":"2025-04-09T16:32:20.928Z"}
{"level":"error","message":"Erro ao obter escolas do schoolService:","timestamp":"2025-04-09T16:32:30.061Z"}
{"level":"error","message":"Erro ao obter escolas do schoolService:","timestamp":"2025-04-09T16:38:27.464Z"}
{"level":"error","message":"Erro ao obter escolas do schoolService:","timestamp":"2025-04-09T16:38:32.886Z"}
{"level":"error","message":"Erro ao obter escolas do schoolService:","timestamp":"2025-04-09T16:44:42.099Z"}
{"level":"error","message":"Erro ao obter escolas do schoolService:","timestamp":"2025-04-09T16:44:57.866Z"}
{"level":"error","message":"Erro ao obter escolas do schoolService:","timestamp":"2025-04-09T16:51:26.981Z"}
{"level":"error","message":"Erro ao obter escolas do schoolService:","timestamp":"2025-04-09T16:51:29.746Z"}
{"level":"info","message":"Servidor rodando na porta 3003","timestamp":"2025-04-09T17:23:24.605Z"}
{"level":"info","message":"Conectado ao Redis com sucesso","timestamp":"2025-04-09T17:23:24.701Z"}
{"level":"error","message":"Erro ao obter escolas do schoolService:","timestamp":"2025-04-09T17:23:40.590Z"}
{"level":"error","message":"Erro ao obter escolas do schoolService:","timestamp":"2025-04-09T17:23:42.393Z"}
{"level":"info","message":"Servidor rodando na porta 3003","timestamp":"2025-04-09T17:38:45.974Z"}
{"level":"info","message":"Conectado ao Redis com sucesso","timestamp":"2025-04-09T17:38:46.073Z"}
{"level":"error","message":"Erro ao obter escolas do schoolService:","timestamp":"2025-04-09T17:38:58.860Z"}
{"level":"error","message":"Erro ao obter escolas do schoolService:","timestamp":"2025-04-09T17:39:00.725Z"}
{"level":"info","message":"Servidor rodando na porta 3003","timestamp":"2025-04-09T19:06:04.328Z"}
{"level":"info","message":"Conectado ao Redis com sucesso","timestamp":"2025-04-09T19:06:04.357Z"}
{"level":"error","message":"Erro ao obter escolas do schoolService:","timestamp":"2025-04-09T19:06:31.556Z"}
{"level":"info","message":"Servidor rodando na porta 3003","timestamp":"2025-04-09T19:10:23.154Z"}
{"level":"info","message":"Conectado ao Redis com sucesso","timestamp":"2025-04-09T19:10:23.196Z"}
{"level":"error","message":"Erro ao obter escolas do schoolService:","timestamp":"2025-04-09T19:13:38.459Z"}
{"level":"error","message":"Erro ao obter escolas do schoolService:","timestamp":"2025-04-09T19:51:52.772Z"}
{"level":"info","message":"Servidor rodando na porta 3003","timestamp":"2025-04-09T20:05:35.065Z"}
{"level":"info","message":"Conectado ao Redis com sucesso","timestamp":"2025-04-09T20:05:35.097Z"}
{"level":"error","message":"Erro ao obter escolas do schoolService:","timestamp":"2025-04-09T20:05:39.261Z"}
{"level":"info","message":"Servidor rodando na porta 3003","timestamp":"2025-04-09T20:19:24.448Z"}
{"level":"info","message":"Conectado ao Redis com sucesso","timestamp":"2025-04-09T20:19:24.678Z"}
{"level":"info","message":"Servidor rodando na porta 3003","timestamp":"2025-04-09T20:26:01.584Z"}
{"level":"info","message":"Conectado ao Redis com sucesso","timestamp":"2025-04-09T20:26:01.669Z"}
{"level":"info","message":"Servidor rodando na porta 3003","timestamp":"2025-04-09T21:22:03.782Z"}
{"level":"info","message":"Conectado ao Redis com sucesso","timestamp":"2025-04-09T21:22:04.029Z"}
{"level":"error","message":"Erro ao obter escolas do schoolService:","timestamp":"2025-04-09T21:35:07.293Z"}
{"level":"error","message":"Erro ao obter escolas do schoolService:","timestamp":"2025-04-09T21:43:24.954Z"}
{"level":"info","message":"Servidor rodando na porta 3003","timestamp":"2025-04-09T22:01:19.730Z"}
{"level":"info","message":"Conectado ao Redis com sucesso","timestamp":"2025-04-09T22:01:19.839Z"}
{"level":"error","message":"Erro ao obter escolas do schoolService:","timestamp":"2025-04-09T22:01:30.409Z"}
{"level":"info","message":"Servidor rodando na porta 3003","timestamp":"2025-04-09T22:03:26.516Z"}
{"level":"info","message":"Conectado ao Redis com sucesso","timestamp":"2025-04-09T22:03:26.629Z"}
{"level":"info","message":"Servidor rodando na porta 3003","timestamp":"2025-04-09T22:04:37.125Z"}
{"level":"info","message":"Conectado ao Redis com sucesso","timestamp":"2025-04-09T22:04:37.208Z"}
{"level":"info","message":"Servidor rodando na porta 3003","timestamp":"2025-04-10T02:01:37.255Z"}
{"level":"info","message":"Conectado ao Redis com sucesso","timestamp":"2025-04-10T02:01:37.303Z"}
{"level":"error","message":"Erro ao obter escolas do schoolService:","timestamp":"2025-04-10T00:00:20.534Z"}
{"level":"error","message":"Erro ao obter escolas do schoolService:","timestamp":"2025-04-10T00:16:27.892Z"}
{"level":"info","message":"Servidor rodando na porta 3003","timestamp":"2025-04-10T00:20:08.539Z"}
{"level":"info","message":"Conectado ao Redis com sucesso","timestamp":"2025-04-10T00:20:08.652Z"}
{"body":{},"details":"O ID deve ser um número válido","level":"error","message":"ID inválido","method":"GET","params":{},"path":"/districts/SRE%20Cariacica","stack":"AppError: ID inválido\n    at exports.getDistrictById (D:\\Documents\\GitHub\\hubescolar\\services\\district-service\\src\\controllers\\districtController.js:16:19)\n    at Layer.handle [as handle_request] (D:\\Documents\\GitHub\\hubescolar\\services\\district-service\\node_modules\\express\\lib\\router\\layer.js:95:5)\n    at next (D:\\Documents\\GitHub\\hubescolar\\services\\district-service\\node_modules\\express\\lib\\router\\route.js:149:13)\n    at Route.dispatch (D:\\Documents\\GitHub\\hubescolar\\services\\district-service\\node_modules\\express\\lib\\router\\route.js:119:3)\n    at Layer.handle [as handle_request] (D:\\Documents\\GitHub\\hubescolar\\services\\district-service\\node_modules\\express\\lib\\router\\layer.js:95:5)\n    at D:\\Documents\\GitHub\\hubescolar\\services\\district-service\\node_modules\\express\\lib\\router\\index.js:284:15\n    at param (D:\\Documents\\GitHub\\hubescolar\\services\\district-service\\node_modules\\express\\lib\\router\\index.js:365:14)\n    at param (D:\\Documents\\GitHub\\hubescolar\\services\\district-service\\node_modules\\express\\lib\\router\\index.js:376:14)\n    at Function.process_params (D:\\Documents\\GitHub\\hubescolar\\services\\district-service\\node_modules\\express\\lib\\router\\index.js:421:3)\n    at next (D:\\Documents\\GitHub\\hubescolar\\services\\district-service\\node_modules\\express\\lib\\router\\index.js:280:10)","timestamp":"2025-04-10T00:23:13.650Z","user":1}
{"level":"error","message":"Erro ao obter escolas do schoolService:","timestamp":"2025-04-10T00:23:13.822Z"}
{"body":{},"details":"O ID deve ser um número válido","level":"error","message":"ID inválido","method":"GET","params":{},"path":"/districts/SRE%20Cariacica","stack":"AppError: ID inválido\n    at exports.getDistrictById (D:\\Documents\\GitHub\\hubescolar\\services\\district-service\\src\\controllers\\districtController.js:16:19)\n    at Layer.handle [as handle_request] (D:\\Documents\\GitHub\\hubescolar\\services\\district-service\\node_modules\\express\\lib\\router\\layer.js:95:5)\n    at next (D:\\Documents\\GitHub\\hubescolar\\services\\district-service\\node_modules\\express\\lib\\router\\route.js:149:13)\n    at Route.dispatch (D:\\Documents\\GitHub\\hubescolar\\services\\district-service\\node_modules\\express\\lib\\router\\route.js:119:3)\n    at Layer.handle [as handle_request] (D:\\Documents\\GitHub\\hubescolar\\services\\district-service\\node_modules\\express\\lib\\router\\layer.js:95:5)\n    at D:\\Documents\\GitHub\\hubescolar\\services\\district-service\\node_modules\\express\\lib\\router\\index.js:284:15\n    at param (D:\\Documents\\GitHub\\hubescolar\\services\\district-service\\node_modules\\express\\lib\\router\\index.js:365:14)\n    at param (D:\\Documents\\GitHub\\hubescolar\\services\\district-service\\node_modules\\express\\lib\\router\\index.js:376:14)\n    at Function.process_params (D:\\Documents\\GitHub\\hubescolar\\services\\district-service\\node_modules\\express\\lib\\router\\index.js:421:3)\n    at next (D:\\Documents\\GitHub\\hubescolar\\services\\district-service\\node_modules\\express\\lib\\router\\index.js:280:10)","timestamp":"2025-04-10T00:23:21.893Z","user":1}
{"body":{},"details":"O ID deve ser um número válido","level":"error","message":"ID inválido","method":"GET","params":{},"path":"/districts/SRE%20Cariacica","stack":"AppError: ID inválido\n    at exports.getDistrictById (D:\\Documents\\GitHub\\hubescolar\\services\\district-service\\src\\controllers\\districtController.js:16:19)\n    at Layer.handle [as handle_request] (D:\\Documents\\GitHub\\hubescolar\\services\\district-service\\node_modules\\express\\lib\\router\\layer.js:95:5)\n    at next (D:\\Documents\\GitHub\\hubescolar\\services\\district-service\\node_modules\\express\\lib\\router\\route.js:149:13)\n    at Route.dispatch (D:\\Documents\\GitHub\\hubescolar\\services\\district-service\\node_modules\\express\\lib\\router\\route.js:119:3)\n    at Layer.handle [as handle_request] (D:\\Documents\\GitHub\\hubescolar\\services\\district-service\\node_modules\\express\\lib\\router\\layer.js:95:5)\n    at D:\\Documents\\GitHub\\hubescolar\\services\\district-service\\node_modules\\express\\lib\\router\\index.js:284:15\n    at param (D:\\Documents\\GitHub\\hubescolar\\services\\district-service\\node_modules\\express\\lib\\router\\index.js:365:14)\n    at param (D:\\Documents\\GitHub\\hubescolar\\services\\district-service\\node_modules\\express\\lib\\router\\index.js:376:14)\n    at Function.process_params (D:\\Documents\\GitHub\\hubescolar\\services\\district-service\\node_modules\\express\\lib\\router\\index.js:421:3)\n    at next (D:\\Documents\\GitHub\\hubescolar\\services\\district-service\\node_modules\\express\\lib\\router\\index.js:280:10)","timestamp":"2025-04-10T00:25:01.363Z","user":1}
{"level":"error","message":"Erro ao obter escolas do schoolService:","timestamp":"2025-04-10T00:34:50.297Z"}
{"level":"error","message":"Erro ao obter escolas do schoolService:","timestamp":"2025-04-10T00:39:58.676Z"}
{"body":{},"details":"O ID deve ser um número válido","level":"error","message":"ID inválido","method":"GET","params":{},"path":"/districts/SRE%20Cariacica","stack":"AppError: ID inválido\n    at exports.getDistrictById (D:\\Documents\\GitHub\\hubescolar\\services\\district-service\\src\\controllers\\districtController.js:16:19)\n    at Layer.handle [as handle_request] (D:\\Documents\\GitHub\\hubescolar\\services\\district-service\\node_modules\\express\\lib\\router\\layer.js:95:5)\n    at next (D:\\Documents\\GitHub\\hubescolar\\services\\district-service\\node_modules\\express\\lib\\router\\route.js:149:13)\n    at Route.dispatch (D:\\Documents\\GitHub\\hubescolar\\services\\district-service\\node_modules\\express\\lib\\router\\route.js:119:3)\n    at Layer.handle [as handle_request] (D:\\Documents\\GitHub\\hubescolar\\services\\district-service\\node_modules\\express\\lib\\router\\layer.js:95:5)\n    at D:\\Documents\\GitHub\\hubescolar\\services\\district-service\\node_modules\\express\\lib\\router\\index.js:284:15\n    at param (D:\\Documents\\GitHub\\hubescolar\\services\\district-service\\node_modules\\express\\lib\\router\\index.js:365:14)\n    at param (D:\\Documents\\GitHub\\hubescolar\\services\\district-service\\node_modules\\express\\lib\\router\\index.js:376:14)\n    at Function.process_params (D:\\Documents\\GitHub\\hubescolar\\services\\district-service\\node_modules\\express\\lib\\router\\index.js:421:3)\n    at next (D:\\Documents\\GitHub\\hubescolar\\services\\district-service\\node_modules\\express\\lib\\router\\index.js:280:10)","timestamp":"2025-04-10T00:40:20.787Z","user":1}
{"body":{},"details":"O ID deve ser um número válido","level":"error","message":"ID inválido","method":"GET","params":{},"path":"/districts/SRE%20Cariacica","stack":"AppError: ID inválido\n    at exports.getDistrictById (D:\\Documents\\GitHub\\hubescolar\\services\\district-service\\src\\controllers\\districtController.js:16:19)\n    at Layer.handle [as handle_request] (D:\\Documents\\GitHub\\hubescolar\\services\\district-service\\node_modules\\express\\lib\\router\\layer.js:95:5)\n    at next (D:\\Documents\\GitHub\\hubescolar\\services\\district-service\\node_modules\\express\\lib\\router\\route.js:149:13)\n    at Route.dispatch (D:\\Documents\\GitHub\\hubescolar\\services\\district-service\\node_modules\\express\\lib\\router\\route.js:119:3)\n    at Layer.handle [as handle_request] (D:\\Documents\\GitHub\\hubescolar\\services\\district-service\\node_modules\\express\\lib\\router\\layer.js:95:5)\n    at D:\\Documents\\GitHub\\hubescolar\\services\\district-service\\node_modules\\express\\lib\\router\\index.js:284:15\n    at param (D:\\Documents\\GitHub\\hubescolar\\services\\district-service\\node_modules\\express\\lib\\router\\index.js:365:14)\n    at param (D:\\Documents\\GitHub\\hubescolar\\services\\district-service\\node_modules\\express\\lib\\router\\index.js:376:14)\n    at Function.process_params (D:\\Documents\\GitHub\\hubescolar\\services\\district-service\\node_modules\\express\\lib\\router\\index.js:421:3)\n    at next (D:\\Documents\\GitHub\\hubescolar\\services\\district-service\\node_modules\\express\\lib\\router\\index.js:280:10)","timestamp":"2025-04-10T00:45:51.111Z","user":1}
{"level":"error","message":"Erro ao obter escolas do schoolService:","timestamp":"2025-04-10T00:49:22.192Z"}
{"body":{},"details":"O ID deve ser um número válido","level":"error","message":"ID inválido","method":"GET","params":{},"path":"/districts/SRE%20Cariacica","stack":"AppError: ID inválido\n    at exports.getDistrictById (D:\\Documents\\GitHub\\hubescolar\\services\\district-service\\src\\controllers\\districtController.js:16:19)\n    at Layer.handle [as handle_request] (D:\\Documents\\GitHub\\hubescolar\\services\\district-service\\node_modules\\express\\lib\\router\\layer.js:95:5)\n    at next (D:\\Documents\\GitHub\\hubescolar\\services\\district-service\\node_modules\\express\\lib\\router\\route.js:149:13)\n    at Route.dispatch (D:\\Documents\\GitHub\\hubescolar\\services\\district-service\\node_modules\\express\\lib\\router\\route.js:119:3)\n    at Layer.handle [as handle_request] (D:\\Documents\\GitHub\\hubescolar\\services\\district-service\\node_modules\\express\\lib\\router\\layer.js:95:5)\n    at D:\\Documents\\GitHub\\hubescolar\\services\\district-service\\node_modules\\express\\lib\\router\\index.js:284:15\n    at param (D:\\Documents\\GitHub\\hubescolar\\services\\district-service\\node_modules\\express\\lib\\router\\index.js:365:14)\n    at param (D:\\Documents\\GitHub\\hubescolar\\services\\district-service\\node_modules\\express\\lib\\router\\index.js:376:14)\n    at Function.process_params (D:\\Documents\\GitHub\\hubescolar\\services\\district-service\\node_modules\\express\\lib\\router\\index.js:421:3)\n    at next (D:\\Documents\\GitHub\\hubescolar\\services\\district-service\\node_modules\\express\\lib\\router\\index.js:280:10)","timestamp":"2025-04-10T00:49:31.240Z","user":1}
{"level":"error","message":"Erro ao obter escolas do schoolService:","timestamp":"2025-04-10T00:54:32.729Z"}
{"body":{},"details":"O ID deve ser um número válido","level":"error","message":"ID inválido","method":"GET","params":{},"path":"/districts/SRE%20Cariacica","stack":"AppError: ID inválido\n    at exports.getDistrictById (D:\\Documents\\GitHub\\hubescolar\\services\\district-service\\src\\controllers\\districtController.js:16:19)\n    at Layer.handle [as handle_request] (D:\\Documents\\GitHub\\hubescolar\\services\\district-service\\node_modules\\express\\lib\\router\\layer.js:95:5)\n    at next (D:\\Documents\\GitHub\\hubescolar\\services\\district-service\\node_modules\\express\\lib\\router\\route.js:149:13)\n    at Route.dispatch (D:\\Documents\\GitHub\\hubescolar\\services\\district-service\\node_modules\\express\\lib\\router\\route.js:119:3)\n    at Layer.handle [as handle_request] (D:\\Documents\\GitHub\\hubescolar\\services\\district-service\\node_modules\\express\\lib\\router\\layer.js:95:5)\n    at D:\\Documents\\GitHub\\hubescolar\\services\\district-service\\node_modules\\express\\lib\\router\\index.js:284:15\n    at param (D:\\Documents\\GitHub\\hubescolar\\services\\district-service\\node_modules\\express\\lib\\router\\index.js:365:14)\n    at param (D:\\Documents\\GitHub\\hubescolar\\services\\district-service\\node_modules\\express\\lib\\router\\index.js:376:14)\n    at Function.process_params (D:\\Documents\\GitHub\\hubescolar\\services\\district-service\\node_modules\\express\\lib\\router\\index.js:421:3)\n    at next (D:\\Documents\\GitHub\\hubescolar\\services\\district-service\\node_modules\\express\\lib\\router\\index.js:280:10)","timestamp":"2025-04-10T00:54:40.144Z","user":1}
{"level":"info","message":"Servidor rodando na porta 3003","timestamp":"2025-04-10T01:18:50.538Z"}
{"level":"info","message":"Conectado ao Redis com sucesso","timestamp":"2025-04-10T01:18:50.694Z"}
{"level":"error","message":"Erro ao obter escolas do schoolService:","timestamp":"2025-04-10T01:19:23.570Z"}
{"body":{},"details":"O ID deve ser um número válido","level":"error","message":"ID inválido","method":"GET","params":{},"path":"/districts/SRE%20Cariacica","stack":"AppError: ID inválido\n    at exports.getDistrictById (D:\\Documents\\GitHub\\hubescolar\\services\\district-service\\src\\controllers\\districtController.js:16:19)\n    at Layer.handle [as handle_request] (D:\\Documents\\GitHub\\hubescolar\\services\\district-service\\node_modules\\express\\lib\\router\\layer.js:95:5)\n    at next (D:\\Documents\\GitHub\\hubescolar\\services\\district-service\\node_modules\\express\\lib\\router\\route.js:149:13)\n    at Route.dispatch (D:\\Documents\\GitHub\\hubescolar\\services\\district-service\\node_modules\\express\\lib\\router\\route.js:119:3)\n    at Layer.handle [as handle_request] (D:\\Documents\\GitHub\\hubescolar\\services\\district-service\\node_modules\\express\\lib\\router\\layer.js:95:5)\n    at D:\\Documents\\GitHub\\hubescolar\\services\\district-service\\node_modules\\express\\lib\\router\\index.js:284:15\n    at param (D:\\Documents\\GitHub\\hubescolar\\services\\district-service\\node_modules\\express\\lib\\router\\index.js:365:14)\n    at param (D:\\Documents\\GitHub\\hubescolar\\services\\district-service\\node_modules\\express\\lib\\router\\index.js:376:14)\n    at Function.process_params (D:\\Documents\\GitHub\\hubescolar\\services\\district-service\\node_modules\\express\\lib\\router\\index.js:421:3)\n    at next (D:\\Documents\\GitHub\\hubescolar\\services\\district-service\\node_modules\\express\\lib\\router\\index.js:280:10)","timestamp":"2025-04-10T01:20:27.219Z","user":1}
{"level":"error","message":"Erro ao obter escolas do schoolService:","timestamp":"2025-04-10T01:30:08.531Z"}
{"level":"error","message":"Erro ao obter escolas do schoolService:","timestamp":"2025-04-10T01:40:30.513Z"}
{"level":"error","message":"Erro ao obter escolas do schoolService:","timestamp":"2025-04-10T01:52:25.614Z"}
{"level":"error","message":"Erro ao obter escolas do schoolService:","timestamp":"2025-04-10T01:57:53.588Z"}
{"level":"error","message":"Erro ao obter escolas do schoolService:","timestamp":"2025-04-10T02:05:32.292Z"}
{"level":"error","message":"Erro ao obter escolas do schoolService:","timestamp":"2025-04-10T02:12:07.061Z"}
{"level":"error","message":"Erro ao obter escolas do schoolService:","timestamp":"2025-04-10T02:18:32.056Z"}
{"level":"error","message":"Erro ao obter escolas do schoolService:","timestamp":"2025-04-10T02:29:07.881Z"}
{"level":"error","message":"Erro ao obter escolas do schoolService:","timestamp":"2025-04-10T10:45:34.598Z"}
{"level":"error","message":"Erro ao obter escolas do schoolService:","timestamp":"2025-04-10T10:53:54.534Z"}
{"level":"info","message":"Servidor rodando na porta 3003","timestamp":"2025-04-10T11:05:51.638Z"}
{"level":"info","message":"Conectado ao Redis com sucesso","timestamp":"2025-04-10T11:05:51.760Z"}
{"level":"info","message":"Servidor rodando na porta 3003","timestamp":"2025-04-10T11:09:13.805Z"}
{"level":"info","message":"Conectado ao Redis com sucesso","timestamp":"2025-04-10T11:09:13.861Z"}
{"level":"error","message":"Erro ao obter escolas do schoolService:","timestamp":"2025-04-10T11:09:48.424Z"}
{"level":"error","message":"Erro ao obter escolas do schoolService:","timestamp":"2025-04-10T11:20:42.207Z"}
{"level":"error","message":"Erro ao obter escolas do schoolService:","timestamp":"2025-04-10T11:26:24.119Z"}
{"level":"error","message":"Erro ao obter escolas do schoolService:","timestamp":"2025-04-10T11:33:13.791Z"}
{"level":"info","message":"Servidor rodando na porta 3003","timestamp":"2025-04-10T11:46:39.924Z"}
{"level":"info","message":"Conectado ao Redis com sucesso","timestamp":"2025-04-10T11:46:40.013Z"}
{"level":"error","message":"Erro ao obter escolas do schoolService:","timestamp":"2025-04-10T11:46:59.455Z"}
{"level":"info","message":"Servidor rodando na porta 3003","timestamp":"2025-04-10T12:05:08.255Z"}
{"level":"info","message":"Conectado ao Redis com sucesso","timestamp":"2025-04-10T12:05:08.359Z"}
{"level":"error","message":"Erro ao obter escolas do schoolService:","timestamp":"2025-04-10T12:06:12.764Z"}
{"level":"error","message":"Erro ao obter escolas do schoolService:","timestamp":"2025-04-10T12:15:33.848Z"}
{"level":"info","message":"Servidor rodando na porta 3003","timestamp":"2025-04-10T12:16:28.720Z"}
{"level":"info","message":"Conectado ao Redis com sucesso","timestamp":"2025-04-10T12:16:28.811Z"}
{"level":"error","message":"Erro ao obter escolas do schoolService:","timestamp":"2025-04-10T12:55:52.851Z"}
{"level":"info","message":"Servidor rodando na porta 3003","timestamp":"2025-04-10T13:35:15.836Z"}
{"level":"info","message":"Conectado ao Redis com sucesso","timestamp":"2025-04-10T13:35:15.961Z"}
{"level":"error","message":"Erro ao obter escolas do schoolService:","timestamp":"2025-04-10T13:35:35.943Z"}
{"level":"error","message":"Erro ao obter escolas do schoolService:","timestamp":"2025-04-10T13:41:21.656Z"}
{"level":"error","message":"Erro ao obter escolas do schoolService:","timestamp":"2025-04-10T13:47:42.364Z"}
{"level":"info","message":"Servidor rodando na porta 3003","timestamp":"2025-04-10T13:49:06.535Z"}
{"level":"info","message":"Conectado ao Redis com sucesso","timestamp":"2025-04-10T13:49:06.922Z"}
{"level":"info","message":"Servidor rodando na porta 3003","timestamp":"2025-04-10T13:52:04.365Z"}
{"level":"info","message":"Conectado ao Redis com sucesso","timestamp":"2025-04-10T13:52:04.442Z"}
{"level":"error","message":"Erro ao obter escolas do schoolService:","timestamp":"2025-04-10T13:52:58.876Z"}
{"level":"info","message":"Servidor rodando na porta 3003","timestamp":"2025-04-10T14:00:46.655Z"}
{"level":"info","message":"Conectado ao Redis com sucesso","timestamp":"2025-04-10T14:00:46.731Z"}
{"level":"error","message":"Erro ao obter escolas do schoolService:","timestamp":"2025-04-10T14:01:02.363Z"}
{"level":"error","message":"Erro ao obter escolas do schoolService:","timestamp":"2025-04-10T14:12:15.773Z"}
{"level":"error","message":"Erro ao obter escolas do schoolService:","timestamp":"2025-04-10T14:18:00.974Z"}
{"level":"error","message":"Erro ao obter escolas do schoolService:","timestamp":"2025-04-10T14:23:16.205Z"}
{"level":"info","message":"Servidor rodando na porta 3003","timestamp":"2025-04-10T14:28:06.380Z"}
{"level":"info","message":"Conectado ao Redis com sucesso","timestamp":"2025-04-10T14:28:06.471Z"}
{"level":"error","message":"Erro ao obter escolas do schoolService:","timestamp":"2025-04-10T16:55:04.064Z"}
{"level":"error","message":"Erro ao obter escolas do schoolService:","timestamp":"2025-04-10T17:09:09.505Z"}
{"level":"info","message":"Servidor rodando na porta 3003","timestamp":"2025-04-10T17:10:23.462Z"}
{"level":"info","message":"Conectado ao Redis com sucesso","timestamp":"2025-04-10T17:10:23.580Z"}
{"level":"info","message":"Servidor rodando na porta 3003","timestamp":"2025-04-10T17:38:25.232Z"}
{"level":"info","message":"Conectado ao Redis com sucesso","timestamp":"2025-04-10T17:38:25.370Z"}
{"level":"error","message":"Erro ao obter escolas do schoolService:","timestamp":"2025-04-10T17:38:37.118Z"}
{"level":"info","message":"Servidor rodando na porta 3003","timestamp":"2025-04-11T09:31:33.472Z"}
{"level":"info","message":"Conectado ao Redis com sucesso","timestamp":"2025-04-11T09:31:33.550Z"}
{"level":"error","message":"Erro ao obter escolas do schoolService:","timestamp":"2025-04-10T21:44:22.292Z"}
{"level":"error","message":"Erro ao obter escolas do schoolService:","timestamp":"2025-04-10T21:57:16.612Z"}
{"level":"info","message":"Servidor rodando na porta 3003","timestamp":"2025-04-10T22:06:20.326Z"}
{"level":"info","message":"Conectado ao Redis com sucesso","timestamp":"2025-04-10T22:06:20.414Z"}
{"level":"error","message":"Erro ao obter escolas do schoolService:","timestamp":"2025-04-10T22:06:29.555Z"}
{"level":"error","message":"Erro ao obter escolas do schoolService:","timestamp":"2025-04-10T22:06:29.684Z"}
{"level":"error","message":"Erro ao obter escolas do schoolService:","timestamp":"2025-04-10T22:06:32.418Z"}
{"level":"info","message":"Servidor rodando na porta 3003","timestamp":"2025-04-10T22:08:05.413Z"}
{"level":"info","message":"Conectado ao Redis com sucesso","timestamp":"2025-04-10T22:08:05.510Z"}
{"level":"error","message":"Erro ao obter escolas do schoolService:","timestamp":"2025-04-10T23:02:32.757Z"}
{"level":"error","message":"Erro ao obter escolas do schoolService:","timestamp":"2025-04-10T23:26:32.412Z"}
{"level":"info","message":"Servidor rodando na porta 3003","timestamp":"2025-04-10T23:28:37.956Z"}
{"level":"info","message":"Conectado ao Redis com sucesso","timestamp":"2025-04-10T23:28:38.094Z"}
{"level":"error","message":"Erro ao obter escolas do schoolService:","timestamp":"2025-04-10T23:32:04.319Z"}
{"level":"info","message":"Servidor rodando na porta 3003","timestamp":"2025-04-10T23:48:04.981Z"}
{"level":"info","message":"Conectado ao Redis com sucesso","timestamp":"2025-04-10T23:48:05.115Z"}
{"level":"error","message":"Erro ao obter escolas do schoolService:","timestamp":"2025-04-10T23:51:49.118Z"}
{"level":"info","message":"Servidor rodando na porta 3003","timestamp":"2025-04-10T23:53:15.512Z"}
{"level":"info","message":"Conectado ao Redis com sucesso","timestamp":"2025-04-10T23:53:15.577Z"}
{"level":"info","message":"Servidor rodando na porta 3003","timestamp":"2025-04-11T00:01:47.993Z"}
{"level":"info","message":"Conectado ao Redis com sucesso","timestamp":"2025-04-11T00:01:48.107Z"}
{"level":"info","message":"Servidor rodando na porta 3003","timestamp":"2025-04-11T00:02:17.099Z"}
{"level":"info","message":"Conectado ao Redis com sucesso","timestamp":"2025-04-11T00:02:17.191Z"}
{"level":"error","message":"Erro ao obter escolas do schoolService:","timestamp":"2025-04-11T00:07:12.065Z"}
{"level":"info","message":"Servidor rodando na porta 3003","timestamp":"2025-04-11T00:12:51.871Z"}
{"level":"info","message":"Conectado ao Redis com sucesso","timestamp":"2025-04-11T00:12:51.976Z"}
{"level":"error","message":"Erro ao obter escolas do schoolService:","timestamp":"2025-04-11T00:13:00.570Z"}
{"level":"error","message":"Erro ao obter escolas do schoolService:","timestamp":"2025-04-11T00:21:54.809Z"}
{"body":{"name":"SRE Carapina 1","status":"active"},"details":["O nome do distrito deve conter apenas letras e espaços"],"level":"error","message":"Dados inválidos","method":"PUT","params":{},"path":"/districts/edit/2","stack":"AppError: Dados inválidos\n    at exports.updateDistrict (D:\\Documents\\GitHub\\hubescolar\\services\\district-service\\src\\controllers\\districtController.js:134:19)\n    at Layer.handle [as handle_request] (D:\\Documents\\GitHub\\hubescolar\\services\\district-service\\node_modules\\express\\lib\\router\\layer.js:95:5)\n    at next (D:\\Documents\\GitHub\\hubescolar\\services\\district-service\\node_modules\\express\\lib\\router\\route.js:149:13)\n    at Route.dispatch (D:\\Documents\\GitHub\\hubescolar\\services\\district-service\\node_modules\\express\\lib\\router\\route.js:119:3)\n    at Layer.handle [as handle_request] (D:\\Documents\\GitHub\\hubescolar\\services\\district-service\\node_modules\\express\\lib\\router\\layer.js:95:5)\n    at D:\\Documents\\GitHub\\hubescolar\\services\\district-service\\node_modules\\express\\lib\\router\\index.js:284:15\n    at param (D:\\Documents\\GitHub\\hubescolar\\services\\district-service\\node_modules\\express\\lib\\router\\index.js:365:14)\n    at param (D:\\Documents\\GitHub\\hubescolar\\services\\district-service\\node_modules\\express\\lib\\router\\index.js:376:14)\n    at Function.process_params (D:\\Documents\\GitHub\\hubescolar\\services\\district-service\\node_modules\\express\\lib\\router\\index.js:421:3)\n    at next (D:\\Documents\\GitHub\\hubescolar\\services\\district-service\\node_modules\\express\\lib\\router\\index.js:280:10)","timestamp":"2025-04-11T00:22:01.323Z","user":1}
{"level":"info","message":"Servidor rodando na porta 3003","timestamp":"2025-04-11T00:25:41.351Z"}
{"level":"info","message":"Conectado ao Redis com sucesso","timestamp":"2025-04-11T00:25:41.464Z"}
{"level":"error","message":"Erro ao obter escolas do schoolService:","timestamp":"2025-04-11T00:25:51.543Z"}
{"level":"error","message":"Erro ao obter escolas do schoolService:","timestamp":"2025-04-11T00:25:58.602Z"}
{"level":"info","message":"Servidor rodando na porta 3003","timestamp":"2025-04-11T00:36:42.292Z"}
{"level":"info","message":"Conectado ao Redis com sucesso","timestamp":"2025-04-11T00:36:42.381Z"}
{"level":"error","message":"Erro ao obter escolas do schoolService:","timestamp":"2025-04-11T00:36:52.038Z"}
{"level":"error","message":"Erro ao obter escolas do schoolService:","timestamp":"2025-04-11T00:38:46.078Z"}
{"level":"error","message":"Erro ao obter escolas do schoolService:","timestamp":"2025-04-11T00:59:15.560Z"}
{"level":"error","message":"Erro ao obter escolas do schoolService:","timestamp":"2025-04-11T01:11:14.453Z"}
{"level":"error","message":"Erro ao obter escolas do schoolService:","timestamp":"2025-04-11T15:51:55.932Z"}
{"level":"error","message":"Erro ao obter escolas do schoolService:","timestamp":"2025-04-11T15:57:21.835Z"}
{"level":"error","message":"Erro ao obter escolas do schoolService:","timestamp":"2025-04-11T17:28:33.827Z"}
{"level":"info","message":"Servidor rodando na porta 3003","timestamp":"2025-04-11T17:38:52.920Z"}
{"level":"info","message":"Conectado ao Redis com sucesso","timestamp":"2025-04-11T17:38:53.066Z"}
{"level":"error","message":"Erro ao obter escolas do schoolService:","timestamp":"2025-04-11T18:15:59.163Z"}
{"level":"error","message":"Erro ao obter escolas do schoolService:","timestamp":"2025-04-11T18:22:56.966Z"}
{"level":"error","message":"Erro ao obter escolas do schoolService:","timestamp":"2025-04-11T18:28:17.628Z"}
{"level":"error","message":"Erro ao obter escolas do schoolService:","timestamp":"2025-04-11T19:10:58.934Z"}
{"level":"error","message":"Erro ao obter escolas do schoolService:","timestamp":"2025-04-11T20:08:17.604Z"}
{"level":"error","message":"Erro ao obter escolas do schoolService:","timestamp":"2025-04-11T20:18:10.447Z"}
{"level":"error","message":"Erro ao obter escolas do schoolService:","timestamp":"2025-04-11T20:36:33.470Z"}
{"level":"info","message":"Servidor rodando na porta 3003","timestamp":"2025-04-11T20:42:57.818Z"}
{"level":"info","message":"Conectado ao Redis com sucesso","timestamp":"2025-04-11T20:42:57.910Z"}
{"level":"error","message":"Erro ao obter escolas do schoolService:","timestamp":"2025-04-11T20:44:40.036Z"}
{"level":"error","message":"Erro ao obter escolas do schoolService:","timestamp":"2025-04-11T20:56:18.184Z"}
{"level":"error","message":"Erro ao obter escolas do schoolService:","timestamp":"2025-04-11T21:01:26.581Z"}
{"level":"error","message":"Erro ao obter escolas do schoolService:","timestamp":"2025-04-11T21:17:14.771Z"}
{"level":"error","message":"Erro ao obter escolas do schoolService:","timestamp":"2025-04-11T21:45:01.789Z"}
{"level":"error","message":"Erro ao obter escolas do schoolService:","timestamp":"2025-04-11T21:52:36.530Z"}
{"level":"error","message":"Erro ao obter escolas do schoolService:","timestamp":"2025-04-11T22:03:48.394Z"}
{"level":"info","message":"Servidor rodando na porta 3003","timestamp":"2025-04-11T22:11:37.760Z"}
{"level":"info","message":"Conectado ao Redis com sucesso","timestamp":"2025-04-11T22:11:37.851Z"}
{"level":"error","message":"Erro ao obter escolas do schoolService:","timestamp":"2025-04-11T22:11:48.617Z"}
{"level":"error","message":"Erro ao obter escolas do schoolService:","timestamp":"2025-04-12T00:42:20.193Z"}
